<?xml version="1.0" encoding="UTF-8"?>
<!-- Generated by org.testng.reporters.JUnitReportReporter -->
<testsuite hostname="LAPTOP-KLU9IMMS" failures="0" tests="2" name="vinayakshettypractice.tests.ErrorValidations" time="13.071" errors="0" timestamp="2024-02-05T22:52:15 IST" skipped="0">
  <testcase classname="vinayakshettypractice.tests.ErrorValidations" name="ProductErrorValidation" time="5.813"/>
  <system-out/>
  <testcase classname="vinayakshettypractice.tests.ErrorValidations" name="LoginErrorValidation" time="7.258"/>
  <system-out/>
</testsuite> <!-- vinayakshettypractice.tests.ErrorValidations -->
