<?xml version="1.0" encoding="UTF-8"?>
<!-- Generated by org.testng.reporters.JUnitReportReporter -->
<testsuite hostname="LAPTOP-KLU9IMMS" failures="0" tests="3" name="vinayakshettypractice.tests.SubmitOrderTest" time="29.880" errors="0" timestamp="7 Feb 2024 16:11:12 GMT">
  <testcase classname="vinayakshettypractice.tests.SubmitOrderTest" name="OrderHistoryTest" time="3.551"/>
  <testcase classname="vinayakshettypractice.tests.SubmitOrderTest" name="submitOrder" time="8.398"/>
  <testcase classname="vinayakshettypractice.tests.SubmitOrderTest" name="submitOrder" time="17.931"/>
</testsuite> <!-- vinayakshettypractice.tests.SubmitOrderTest -->
